#
# There is insufficient memory for the Java Runtime Environment to continue.
# Native memory allocation (mmap) failed to map 132120576 bytes for Failed to commit area from 0x0000000082800000 to 0x000000008a600000 of length 132120576.
# Possible reasons:
#   The system is out of physical RAM or swap space
#   The process is running with CompressedOops enabled, and the Java Heap may be blocking the growth of the native heap
# Possible solutions:
#   Reduce memory load on the system
#   Increase physical memory or swap space
#   Check if swap backing store is full
#   Decrease Java heap size (-Xmx/-Xms)
#   Decrease number of Java threads
#   Decrease Java thread stack sizes (-Xss)
#   Set larger code cache with -XX:ReservedCodeCacheSize=
# This output file may be truncated or incomplete.
#
#  Out of Memory Error (t:/workspace/open/src/hotspot/os/windows/os_windows.cpp:3221), pid=11976, tid=21560
#
# JRE version:  (10.0.2+13) (build )
# Java VM: Java HotSpot(TM) 64-Bit Server VM (10.0.2+13, mixed mode, aot, tiered, compressed oops, g1 gc, windows-amd64)
# No core dump will be written. Minidumps are not enabled by default on client versions of Windows
#

---------------  S U M M A R Y ------------

Command Line: 

Host: Intel(R) Core(TM) i5-8250U CPU @ 1.60GHz, 8 cores, 7G,  Windows 10 , 64 bit Build 18362 (10.0.18362.959)
Time: Mon Aug 03 14:46:41 2020 India Standard Time elapsed time: 0 seconds (0d 0h 0m 0s)

---------------  T H R E A D  ---------------

Current thread (0x0000010bd23d5000):  JavaThread "Unknown thread" [_thread_in_vm, id=21560, stack(0x0000000536700000,0x0000000536800000)]

Stack: [0x0000000536700000,0x0000000536800000]
Native frames: (J=compiled Java code, j=interpreted, Vv=VM code, C=native code)
V  [jvm.dll+0x5a01a9]
V  [jvm.dll+0x6bcf31]
V  [jvm.dll+0x6be126]
V  [jvm.dll+0x6be7b3]
V  [jvm.dll+0x234978]
V  [jvm.dll+0x59dac4]
V  [jvm.dll+0x592825]
V  [jvm.dll+0x2f632b]
V  [jvm.dll+0x2f6295]
V  [jvm.dll+0x2f6172]
V  [jvm.dll+0x2f8366]
V  [jvm.dll+0x344293]
V  [jvm.dll+0x3449a6]
V  [jvm.dll+0x344393]
V  [jvm.dll+0x2c4628]
V  [jvm.dll+0x2c5771]
V  [jvm.dll+0x69d1db]
V  [jvm.dll+0x69e9fc]
V  [jvm.dll+0x3519e9]
V  [jvm.dll+0x6856a2]
V  [jvm.dll+0x3ba0c3]
V  [jvm.dll+0x3bc261]
C  [java.exe+0x3531]
C  [java.exe+0xe1af]
C  [java.exe+0xe356]
C  [KERNEL32.DLL+0x17bd4]
C  [ntdll.dll+0x6ce51]


---------------  P R O C E S S  ---------------

Threads class SMR info:
_java_thread_list=0x0000010bd031e260, length=0, elements={
}

Java Threads: ( => current thread )

Other Threads:
  0x0000010bd23ec800 GCTaskThread "GC Thread#0" [stack: 0x0000000536800000,0x0000000536900000] [id=1960]
  0x0000010bd23ee000 GCTaskThread "GC Thread#1" [stack: 0x0000000536900000,0x0000000536a00000] [id=21028]
  0x0000010bd23ef800 GCTaskThread "GC Thread#2" [stack: 0x0000000536a00000,0x0000000536b00000] [id=20852]
  0x0000010bd23f3800 GCTaskThread "GC Thread#3" [stack: 0x0000000536b00000,0x0000000536c00000] [id=9236]
  0x0000010bd23f5800 GCTaskThread "GC Thread#4" [stack: 0x0000000536c00000,0x0000000536d00000] [id=22988]
  0x0000010bd23f7800 GCTaskThread "GC Thread#5" [stack: 0x0000000536d00000,0x0000000536e00000] [id=17348]
  0x0000010bd23fa000 GCTaskThread "GC Thread#6" [stack: 0x0000000536e00000,0x0000000536f00000] [id=16528]
  0x0000010bd23fb800 GCTaskThread "GC Thread#7" [stack: 0x0000000536f00000,0x0000000537000000] [id=22380]
  0x0000010bd2471800 ConcurrentGCThread "G1 Main Marker" [stack: 0x0000000537000000,0x0000000537100000] [id=13808]
  0x0000010bd23f8800 ConcurrentGCThread "G1 Conc#0" [stack: 0x0000000537100000,0x0000000537200000] [id=300]
  0x0000010bd23f9800 ConcurrentGCThread "G1 Conc#1" [stack: 0x0000000537200000,0x0000000537300000] [id=23084]

[error occurred during error reporting (printing all threads), id 0xe0000002]

VM state:not at safepoint (not fully initialized)

VM Mutex/Monitor currently owned by a thread:  ([mutex/lock_event])
[0x0000010bd23d1ec0] Heap_lock - owner thread: 0x0000010bd23d5000

Heap address: 0x0000000082800000, size: 2008 MB, Compressed Oops mode: Non-zero based: 0x0000000082800000
Narrow klass base: 0x0000000000000000, Narrow klass shift: 0

GC Heap History (0 events):
No events

Deoptimization events (0 events):
No events

Classes redefined (0 events):
No events

Internal exceptions (0 events):
No events

Events (0 events):
No events


Dynamic libraries:
0x00007ff6c1040000 - 0x00007ff6c107e000 	C:\Program Files\Java\jdk-10.0.2\bin\java.exe
0x00007ffa431a0000 - 0x00007ffa43390000 	C:\WINDOWS\SYSTEM32\ntdll.dll
0x00007ffa427e0000 - 0x00007ffa42892000 	C:\WINDOWS\System32\KERNEL32.DLL
0x00007ffa40a80000 - 0x00007ffa40d24000 	C:\WINDOWS\System32\KERNELBASE.dll
0x00007ffa41620000 - 0x00007ffa416c3000 	C:\WINDOWS\System32\ADVAPI32.dll
0x00007ffa42be0000 - 0x00007ffa42c7e000 	C:\WINDOWS\System32\msvcrt.dll
0x00007ffa42d10000 - 0x00007ffa42da7000 	C:\WINDOWS\System32\sechost.dll
0x00007ffa42660000 - 0x00007ffa42780000 	C:\WINDOWS\System32\RPCRT4.dll
0x00007ffa42fc0000 - 0x00007ffa43154000 	C:\WINDOWS\System32\USER32.dll
0x00007ffa40a50000 - 0x00007ffa40a71000 	C:\WINDOWS\System32\win32u.dll
0x00007ffa42ce0000 - 0x00007ffa42d06000 	C:\WINDOWS\System32\GDI32.dll
0x00007ffa40fd0000 - 0x00007ffa41166000 	C:\WINDOWS\System32\gdi32full.dll
0x00007ffa40200000 - 0x00007ffa4029e000 	C:\WINDOWS\System32\msvcp_win.dll
0x00007ffa40ed0000 - 0x00007ffa40fca000 	C:\WINDOWS\System32\ucrtbase.dll
0x00007ffa25490000 - 0x00007ffa25714000 	C:\WINDOWS\WinSxS\amd64_microsoft.windows.common-controls_6595b64144ccf1df_6.0.18362.959_none_e6c7bbbf130c62bb\COMCTL32.dll
0x00007ffa3b010000 - 0x00007ffa3b01a000 	C:\WINDOWS\SYSTEM32\VERSION.dll
0x00007ffa428a0000 - 0x00007ffa42bd5000 	C:\WINDOWS\System32\combase.dll
0x00007ffa411d0000 - 0x00007ffa41250000 	C:\WINDOWS\System32\bcryptPrimitives.dll
0x00007ffa42630000 - 0x00007ffa4265e000 	C:\WINDOWS\System32\IMM32.DLL
0x00007ffa042d0000 - 0x00007ffa043bf000 	C:\Program Files\Java\jdk-10.0.2\bin\msvcr120.dll
0x00007ffa04c00000 - 0x00007ffa04ca6000 	C:\Program Files\Java\jdk-10.0.2\bin\msvcp120.dll
0x0000000064a00000 - 0x0000000065470000 	C:\Program Files\Java\jdk-10.0.2\bin\server\jvm.dll
0x00007ffa416d0000 - 0x00007ffa416d8000 	C:\WINDOWS\System32\PSAPI.DLL
0x00007ffa2c9b0000 - 0x00007ffa2c9b9000 	C:\WINDOWS\SYSTEM32\WSOCK32.dll
0x00007ffa3c440000 - 0x00007ffa3c464000 	C:\WINDOWS\SYSTEM32\WINMM.dll
0x00007ffa41900000 - 0x00007ffa4196f000 	C:\WINDOWS\System32\WS2_32.dll
0x00007ffa3c140000 - 0x00007ffa3c16d000 	C:\WINDOWS\SYSTEM32\winmmbase.dll
0x00007ffa40d30000 - 0x00007ffa40d7a000 	C:\WINDOWS\System32\cfgmgr32.dll
0x00007ffa332b0000 - 0x00007ffa332bf000 	C:\Program Files\Java\jdk-10.0.2\bin\verify.dll
0x00007ffa3e960000 - 0x00007ffa3eb54000 	C:\WINDOWS\SYSTEM32\DBGHELP.DLL
0x00007ffa36bd0000 - 0x00007ffa36bfa000 	C:\WINDOWS\SYSTEM32\dbgcore.DLL
0x00007ffa1ce00000 - 0x00007ffa1ce27000 	C:\Program Files\Java\jdk-10.0.2\bin\java.dll
0x00007ffa27780000 - 0x00007ffa27796000 	C:\Program Files\Java\jdk-10.0.2\bin\zip.dll
0x00007ffa33240000 - 0x00007ffa3324a000 	C:\Program Files\Java\jdk-10.0.2\bin\jimage.dll

dbghelp: loaded successfully - version: 4.0.5 - missing functions: none
symbol engine: initialized successfully - sym options: 0x614 - pdb path: .;C:\Program Files\Java\jdk-10.0.2\bin;C:\WINDOWS\SYSTEM32;C:\WINDOWS\WinSxS\amd64_microsoft.windows.common-controls_6595b64144ccf1df_6.0.18362.959_none_e6c7bbbf130c62bb;C:\Program Files\Java\jdk-10.0.2\bin\server

VM Arguments:
java_command: <unknown>
java_class_path (initial): <not set>
Launcher Type: SUN_STANDARD

Logging:
Log output configuration:
#0: stdout all=warning uptime,level,tags
#1: stderr all=off uptime,level,tags

Environment Variables:
PATH=C:\Windows\system32;C:\Windows;C:\Windows\System32\Wbem;C:\Windows\System32\WindowsPowerShell\v1.0\;C:\Program Files (x86)\NVIDIA Corporation\PhysX\Common;C:\WINDOWS\system32;C:\WINDOWS;C:\WINDOWS\System32\Wbem;C:\WINDOWS\System32\WindowsPowerShell\v1.0\;C:\WINDOWS\System32\OpenSSH\;C:\Program Files\Java\jdk-10.0.2\bin;C:\Program Files\Java\jre-10.0.2\bin;C:\Program Files\NVIDIA Corporation\NVIDIA NvDLISR;C:\WINDOWS\system32;C:\WINDOWS;C:\WINDOWS\System32\Wbem;C:\WINDOWS\System32\WindowsPowerShell\v1.0\;C:\WINDOWS\System32\OpenSSH\;C:\Program Files\dotnet\;C:\Program Files\nodejs\;D:\Matlab\runtime\win64;D:\Matlab\bin;C:\Program Files\Intel\WiFi\bin\;C:\Program Files\Common Files\Intel\WirelessCommon\;C:\Program Files\Git\cmd;C:\Program Files (x86)\Intel\Intel(R) Management Engine Components\DAL;C:\Program Files\Intel\Intel(R) Management Engine Components\DAL;C:\Program Files\MySQL\MySQL Shell 8.0\bin\;C:\Users\DELL\AppData\Roaming\npm;C:\Users\DELL\AppData\Local\Microsoft\WindowsApps;C:\Users\DELL\AppData\Local\Programs\Microsoft VS Code\bin;D:\Softwares\dart-sdk\bin;E:\flutter_class\flutter\bin;;E:\flutter_class\flutter\bin\mingit\cmd
USERNAME=DELL
OS=Windows_NT
PROCESSOR_IDENTIFIER=Intel64 Family 6 Model 142 Stepping 10, GenuineIntel



---------------  S Y S T E M  ---------------

OS: Windows 10 , 64 bit Build 18362 (10.0.18362.959)

CPU:total 8 (initial active 8) (4 cores per cpu, 2 threads per core) family 6 model 142 stepping 10, cmov, cx8, fxsr, mmx, sse, sse2, sse3, ssse3, sse4.1, sse4.2, popcnt, avx, avx2, aes, clmul, erms, 3dnowpref, lzcnt, ht, tsc, tscinvbit, bmi1, bmi2, adx, fma

Memory: 4k page, physical 8218476k(443780k free), swap 21768480k(59776k free)

vm_info: Java HotSpot(TM) 64-Bit Server VM (10.0.2+13) for windows-amd64 JRE (10.0.2+13), built on Jun 28 2018 01:57:56 by "mach5one" with MS VC++ 12.0 (VS2013)

END.
